[logsAndroid_samsung INFO ] 2021-07-20 15:58:26.261 BaseTest:145 - log path: logs\Android_samsung
[logsAndroid_samsung INFO ] 2021-07-20 15:58:50.901 LoginTests:47 - 
*************** successfulLogin *************

[logsAndroid_samsung INFO ] 2021-07-20 16:01:08.167 BaseTest:145 - log path: logs\Android_samsung
[logsAndroid_samsung INFO ] 2021-07-20 16:01:41.940 LoginTests:47 - 
*************** invalidPassword *************

[logsAndroid_samsung INFO ] 2021-07-20 16:01:48.740 LoginTests:47 - 
*************** invalidUserName *************

[logsAndroid_samsung INFO ] 2021-07-20 16:01:48.741 LoginPage:24 - Enter username
[logsAndroid_samsung INFO ] 2021-07-20 16:01:48.749 LoginPage:26 - Login username: invaliduser
[logsAndroid_samsung INFO ] 2021-07-20 16:01:50.761 LoginPage:35 - Enter password
[logsAndroid_samsung INFO ] 2021-07-20 16:01:50.761 LoginPage:37 - Login password: secret_sauce
[logsAndroid_samsung INFO ] 2021-07-20 16:01:52.733 LoginPage:46 - press Login button
[logsAndroid_samsung INFO ] 2021-07-20 16:01:54.256 LoginPage:68 - Get text error
[logsAndroid_samsung INFO ] 2021-07-20 16:01:55.796 LoginTests:47 - 
*************** successfulLogin *************

[logsAndroid_samsung INFO ] 2021-07-20 16:07:12.376 BaseTest:145 - log path: logs\Android_samsung
[logsAndroid_samsung INFO ] 2021-07-20 16:07:47.167 LoginTests:47 - 
*************** invalidPassword *************

[logsAndroid_samsung INFO ] 2021-07-20 16:07:56.812 LoginTests:47 - 
*************** invalidUserName *************

[logsAndroid_samsung INFO ] 2021-07-20 16:07:56.828 LoginPage:24 - Enter username
[logsAndroid_samsung INFO ] 2021-07-20 16:07:56.831 LoginPage:26 - Login username: invaliduser
[logsAndroid_samsung INFO ] 2021-07-20 16:07:58.851 LoginPage:35 - Enter password
[logsAndroid_samsung INFO ] 2021-07-20 16:07:58.852 LoginPage:37 - Login password: secret_sauce
[logsAndroid_samsung INFO ] 2021-07-20 16:08:00.940 LoginPage:46 - press Login button
[logsAndroid_samsung INFO ] 2021-07-20 16:08:02.557 LoginPage:68 - Get text error
[logsAndroid_samsung INFO ] 2021-07-20 16:08:04.173 TestListener:31 - java.lang.AssertionError: expected [Username and password do not match any user in this service.] but found [Username and password do not match any user in this service.test1]
	at org.testng.Assert.fail(Assert.java:99)
	at org.testng.Assert.failNotEquals(Assert.java:1037)
	at org.testng.Assert.assertEqualsImpl(Assert.java:140)
	at org.testng.Assert.assertEquals(Assert.java:122)
	at org.testng.Assert.assertEquals(Assert.java:629)
	at org.testng.Assert.assertEquals(Assert.java:639)
	at com.qa.tests.LoginTests.invalidUserName(LoginTests.java:63)
	at sun.reflect.NativeMethodAccessorImpl.invoke0(Native Method)
	at sun.reflect.NativeMethodAccessorImpl.invoke(NativeMethodAccessorImpl.java:62)
	at sun.reflect.DelegatingMethodAccessorImpl.invoke(DelegatingMethodAccessorImpl.java:43)
	at java.lang.reflect.Method.invoke(Method.java:498)
	at org.testng.internal.MethodInvocationHelper.invokeMethod(MethodInvocationHelper.java:133)
	at org.testng.internal.TestInvoker.invokeMethod(TestInvoker.java:598)
	at org.testng.internal.TestInvoker.invokeTestMethod(TestInvoker.java:173)
	at org.testng.internal.MethodRunner.runInSequence(MethodRunner.java:46)
	at org.testng.internal.TestInvoker$MethodInvocationAgent.invoke(TestInvoker.java:824)
	at org.testng.internal.TestInvoker.invokeTestMethods(TestInvoker.java:146)
	at org.testng.internal.TestMethodWorker.invokeTestMethods(TestMethodWorker.java:146)
	at org.testng.internal.TestMethodWorker.run(TestMethodWorker.java:128)
	at java.util.ArrayList.forEach(ArrayList.java:1259)
	at org.testng.TestRunner.privateRun(TestRunner.java:794)
	at org.testng.TestRunner.run(TestRunner.java:596)
	at org.testng.SuiteRunner.runTest(SuiteRunner.java:377)
	at org.testng.SuiteRunner.runSequentially(SuiteRunner.java:371)
	at org.testng.SuiteRunner.privateRun(SuiteRunner.java:332)
	at org.testng.SuiteRunner.run(SuiteRunner.java:276)
	at org.testng.SuiteRunnerWorker.runSuite(SuiteRunnerWorker.java:53)
	at org.testng.SuiteRunnerWorker.run(SuiteRunnerWorker.java:96)
	at org.testng.TestNG.runSuitesSequentially(TestNG.java:1212)
	at org.testng.TestNG.runSuitesLocally(TestNG.java:1134)
	at org.testng.TestNG.runSuites(TestNG.java:1063)
	at org.testng.TestNG.run(TestNG.java:1031)
	at com.intellij.rt.testng.IDEARemoteTestNG.run(IDEARemoteTestNG.java:66)
	at com.intellij.rt.testng.RemoteTestNGStarter.main(RemoteTestNGStarter.java:109)

[logsAndroid_samsung INFO ] 2021-07-20 16:08:06.525 LoginTests:47 - 
*************** successfulLogin *************

[logsAndroid_samsung INFO ] 2021-07-20 16:40:51.937 BaseTest:145 - log path: logs\Android_samsung
[logsAndroid_samsung INFO ] 2021-07-20 16:41:25.985 LoginTests:47 - 
*************** invalidPassword *************

[logsAndroid_samsung INFO ] 2021-07-20 16:41:25.994 TestListener:31 - java.nio.file.InvalidPathException: Illegal char <:> at index 14: appender-logs\Android_samsung.html
	at sun.nio.fs.WindowsPathParser.normalize(WindowsPathParser.java:182)
	at sun.nio.fs.WindowsPathParser.parse(WindowsPathParser.java:153)
	at sun.nio.fs.WindowsPathParser.parse(WindowsPathParser.java:77)
	at sun.nio.fs.WindowsPath.parse(WindowsPath.java:94)
	at sun.nio.fs.WindowsFileSystem.getPath(WindowsFileSystem.java:255)
	at java.io.File.toPath(File.java:2234)
	at com.aventstack.extentreports.reporter.AbstractFileReporter.<init>(AbstractFileReporter.java:40)
	at com.aventstack.extentreports.reporter.ExtentSparkReporter.<init>(ExtentSparkReporter.java:51)
	at com.qa.reports.ExtentReport.getReporter(ExtentReport.java:17)
	at com.qa.reports.ExtentReport.startTest(ExtentReport.java:31)
	at com.qa.listeners.TestListener.onTestStart(TestListener.java:74)
	at org.testng.internal.TestListenerHelper.runTestListeners(TestListenerHelper.java:103)
	at org.testng.internal.TestInvoker.runTestResultListener(TestInvoker.java:219)
	at org.testng.internal.TestInvoker.invokeMethod(TestInvoker.java:569)
	at org.testng.internal.TestInvoker.invokeTestMethod(TestInvoker.java:173)
	at org.testng.internal.MethodRunner.runInSequence(MethodRunner.java:46)
	at org.testng.internal.TestInvoker$MethodInvocationAgent.invoke(TestInvoker.java:824)
	at org.testng.internal.TestInvoker.invokeTestMethods(TestInvoker.java:146)
	at org.testng.internal.TestMethodWorker.invokeTestMethods(TestMethodWorker.java:146)
	at org.testng.internal.TestMethodWorker.run(TestMethodWorker.java:128)
	at java.util.ArrayList.forEach(ArrayList.java:1259)
	at org.testng.TestRunner.privateRun(TestRunner.java:794)
	at org.testng.TestRunner.run(TestRunner.java:596)
	at org.testng.SuiteRunner.runTest(SuiteRunner.java:377)
	at org.testng.SuiteRunner.runSequentially(SuiteRunner.java:371)
	at org.testng.SuiteRunner.privateRun(SuiteRunner.java:332)
	at org.testng.SuiteRunner.run(SuiteRunner.java:276)
	at org.testng.SuiteRunnerWorker.runSuite(SuiteRunnerWorker.java:53)
	at org.testng.SuiteRunnerWorker.run(SuiteRunnerWorker.java:96)
	at org.testng.TestNG.runSuitesSequentially(TestNG.java:1212)
	at org.testng.TestNG.runSuitesLocally(TestNG.java:1134)
	at org.testng.TestNG.runSuites(TestNG.java:1063)
	at org.testng.TestNG.run(TestNG.java:1031)
	at com.intellij.rt.testng.IDEARemoteTestNG.run(IDEARemoteTestNG.java:66)
	at com.intellij.rt.testng.RemoteTestNGStarter.main(RemoteTestNGStarter.java:109)

[logsAndroid_samsung INFO ] 2021-07-20 16:41:27.413 TestListener:31 - java.lang.NullPointerException
	at com.qa.listeners.TestListener.onTestFailure(TestListener.java:61)
	at org.testng.internal.TestListenerHelper.runTestListeners(TestListenerHelper.java:96)
	at org.testng.internal.TestInvoker.runTestResultListener(TestInvoker.java:219)
	at org.testng.internal.TestInvoker.invokeMethod(TestInvoker.java:656)
	at org.testng.internal.TestInvoker.invokeTestMethod(TestInvoker.java:173)
	at org.testng.internal.MethodRunner.runInSequence(MethodRunner.java:46)
	at org.testng.internal.TestInvoker$MethodInvocationAgent.invoke(TestInvoker.java:824)
	at org.testng.internal.TestInvoker.invokeTestMethods(TestInvoker.java:146)
	at org.testng.internal.TestMethodWorker.invokeTestMethods(TestMethodWorker.java:146)
	at org.testng.internal.TestMethodWorker.run(TestMethodWorker.java:128)
	at java.util.ArrayList.forEach(ArrayList.java:1259)
	at org.testng.TestRunner.privateRun(TestRunner.java:794)
	at org.testng.TestRunner.run(TestRunner.java:596)
	at org.testng.SuiteRunner.runTest(SuiteRunner.java:377)
	at org.testng.SuiteRunner.runSequentially(SuiteRunner.java:371)
	at org.testng.SuiteRunner.privateRun(SuiteRunner.java:332)
	at org.testng.SuiteRunner.run(SuiteRunner.java:276)
	at org.testng.SuiteRunnerWorker.runSuite(SuiteRunnerWorker.java:53)
	at org.testng.SuiteRunnerWorker.run(SuiteRunnerWorker.java:96)
	at org.testng.TestNG.runSuitesSequentially(TestNG.java:1212)
	at org.testng.TestNG.runSuitesLocally(TestNG.java:1134)
	at org.testng.TestNG.runSuites(TestNG.java:1063)
	at org.testng.TestNG.run(TestNG.java:1031)
	at com.intellij.rt.testng.IDEARemoteTestNG.run(IDEARemoteTestNG.java:66)
	at com.intellij.rt.testng.RemoteTestNGStarter.main(RemoteTestNGStarter.java:109)

